Build started 3/5/2016 2:50:20 AM.
     1>Project "E:\Google Drive\OnlineTutor\CourseHero\C_C++\SoccerApp\SoccerApp\SoccerApp.vcxproj" on node 2 (Build target(s)).
     1>ClCompile:
         C:\Program Files (x86)\Microsoft Visual Studio 12.0\VC\bin\CL.exe /c /ZI /nologo /W3 /WX- /sdl /Od /Oy- /D WIN32 /D _DEBUG /D _CONSOLE /D _LIB /D _UNICODE /D UNICODE /Gm /EHsc /RTC1 /MDd /GS /fp:precise /Zc:wchar_t /Zc:forScope /Yc"stdafx.h" /Fp"Debug\SoccerApp.pch" /Fo"Debug\\" /Fd"Debug\vc120.pdb" /Gd /TP /analyze- /errorReport:prompt stdafx.cpp
         stdafx.cpp
         C:\Program Files (x86)\Microsoft Visual Studio 12.0\VC\bin\CL.exe /c /ZI /nologo /W3 /WX- /sdl /Od /Oy- /D WIN32 /D _DEBUG /D _CONSOLE /D _LIB /D _UNICODE /D UNICODE /Gm /EHsc /RTC1 /MDd /GS /fp:precise /Zc:wchar_t /Zc:forScope /Yu"stdafx.h" /Fp"Debug\SoccerApp.pch" /Fo"Debug\\" /Fd"Debug\vc120.pdb" /Gd /TP /analyze- /errorReport:prompt Link.cpp Player.cpp SoccerApp.cpp SoccerClub.cpp
         SoccerClub.cpp
         SoccerApp.cpp
         Player.cpp
         Link.cpp
         Generating Code...
     1>cl : Command line warning D9028: minimal rebuild failure, reverting to normal build
       Link:
         C:\Program Files (x86)\Microsoft Visual Studio 12.0\VC\bin\link.exe /ERRORREPORT:PROMPT /OUT:"E:\Google Drive\OnlineTutor\CourseHero\C_C++\SoccerApp\Debug\SoccerApp.exe" /INCREMENTAL /NOLOGO kernel32.lib user32.lib gdi32.lib winspool.lib comdlg32.lib advapi32.lib shell32.lib ole32.lib oleaut32.lib uuid.lib odbc32.lib odbccp32.lib /MANIFEST /MANIFESTUAC:"level='asInvoker' uiAccess='false'" /manifest:embed /DEBUG /PDB:"E:\Google Drive\OnlineTutor\CourseHero\C_C++\SoccerApp\Debug\SoccerApp.pdb" /SUBSYSTEM:CONSOLE /TLBID:1 /DYNAMICBASE /NXCOMPAT /IMPLIB:"E:\Google Drive\OnlineTutor\CourseHero\C_C++\SoccerApp\Debug\SoccerApp.lib" /MACHINE:X86 Debug\Link.obj
         Debug\Player.obj
         Debug\SoccerApp.obj
         Debug\SoccerClub.obj
         Debug\stdafx.obj
         SoccerApp.vcxproj -> E:\Google Drive\OnlineTutor\CourseHero\C_C++\SoccerApp\Debug\SoccerApp.exe
     1>Done Building Project "E:\Google Drive\OnlineTutor\CourseHero\C_C++\SoccerApp\SoccerApp\SoccerApp.vcxproj" (Build target(s)).

Build succeeded.

Time Elapsed 00:00:07.85
